This is pdfTeX, Version 3.1415926-2.3-1.40.12 (TeX Live 2011) (format=latex 2012.1.17)  10 JUL 2012 19:28
entering extended mode
 restricted \write18 enabled.
 file:line:error style messages enabled.
 %&-line parsing enabled.
**ApproximationwithErrorEstimGeneralCase.tex
(./ApproximationwithErrorEstimGeneralCase.tex
LaTeX2e <2011/06/27>
Babel <v3.8m> and hyphenation patterns for english, dumylang, nohyphenation, ge
rman-x-2011-07-01, ngerman-x-2011-07-01, afrikaans, ancientgreek, ibycus, arabi
c, armenian, basque, bulgarian, catalan, pinyin, coptic, croatian, czech, danis
h, dutch, ukenglish, usenglishmax, esperanto, estonian, ethiopic, farsi, finnis
h, french, galician, german, ngerman, swissgerman, monogreek, greek, hungarian,
 icelandic, assamese, bengali, gujarati, hindi, kannada, malayalam, marathi, or
iya, panjabi, tamil, telugu, indonesian, interlingua, irish, italian, kurmanji,
 lao, latin, latvian, lithuanian, mongolian, mongolianlmc, bokmal, nynorsk, pol
ish, portuguese, romanian, russian, sanskrit, serbian, serbianc, slovak, sloven
ian, spanish, swedish, turkish, turkmen, ukrainian, uppersorbian, welsh, loaded
.
(/usr/local/texlive/2011/texmf-dist/tex/latex/elsarticle/elsarticle.cls
Document Class: elsarticle 2009/09/17, 1.2.0: Elsevier Ltd
\@bls=\dimen102
(/usr/local/texlive/2011/texmf-dist/tex/latex/base/article.cls
Document Class: article 2007/10/19 v1.4h Standard LaTeX document class
(/usr/local/texlive/2011/texmf-dist/tex/latex/base/size10.clo
File: size10.clo 2007/10/19 v1.4h Standard LaTeX file (size option)
)
\c@part=\count79
\c@section=\count80
\c@subsection=\count81
\c@subsubsection=\count82
\c@paragraph=\count83
\c@subparagraph=\count84
\c@figure=\count85
\c@table=\count86
\abovecaptionskip=\skip41
\belowcaptionskip=\skip42
\bibindent=\dimen103
)
(/usr/local/texlive/2011/texmf-dist/tex/latex/graphics/graphicx.sty
Package: graphicx 1999/02/16 v1.0f Enhanced LaTeX Graphics (DPC,SPQR)

(/usr/local/texlive/2011/texmf-dist/tex/latex/graphics/keyval.sty
Package: keyval 1999/03/16 v1.13 key=value parser (DPC)
\KV@toks@=\toks14
)
(/usr/local/texlive/2011/texmf-dist/tex/latex/graphics/graphics.sty
Package: graphics 2009/02/05 v1.0o Standard LaTeX Graphics (DPC,SPQR)

(/usr/local/texlive/2011/texmf-dist/tex/latex/graphics/trig.sty
Package: trig 1999/03/16 v1.09 sin cos tan (DPC)
)
(/usr/local/texlive/2011/texmf-dist/tex/latex/latexconfig/graphics.cfg
File: graphics.cfg 2010/04/23 v1.9 graphics configuration of TeX Live
)
Package graphics Info: Driver file: dvips.def on input line 91.

(/usr/local/texlive/2011/texmf-dist/tex/latex/graphics/dvips.def
File: dvips.def 1999/02/16 v3.0i Driver-dependant file (DPC,SPQR)
))
\Gin@req@height=\dimen104
\Gin@req@width=\dimen105
)
(/usr/local/texlive/2011/texmf-dist/tex/latex/psnfss/pifont.sty
Package: pifont 2005/04/12 PSNFSS-v9.2a Pi font support (SPQR) 
LaTeX Font Info:    Try loading font information for U+pzd on input line 63.

(/usr/local/texlive/2011/texmf-dist/tex/latex/psnfss/upzd.fd
File: upzd.fd 2001/06/04 font definitions for U/pzd.
)
LaTeX Font Info:    Try loading font information for U+psy on input line 64.

(/usr/local/texlive/2011/texmf-dist/tex/latex/psnfss/upsy.fd
File: upsy.fd 2001/06/04 font definitions for U/psy.
))
\c@tnote=\count87
\c@fnote=\count88
\c@cnote=\count89
\c@ead=\count90
\c@author=\count91
\@eadauthor=\toks15
\c@affn=\count92
\absbox=\box26
\keybox=\box27
\Columnwidth=\dimen106
\space@left=\dimen107
\els@boxa=\box28
\els@boxb=\box29
\leftMargin=\dimen108
\@enLab=\toks16
\@sep=\skip43
\@@sep=\skip44

(./ApproximationwithErrorEstimGeneralCase.spl)
(/Users/fred/Library/texmf/tex/latex/natbib/natbib.sty
Package: natbib 2009/07/16 8.31 (PWD, AO)
\bibhang=\skip45
\bibsep=\skip46
LaTeX Info: Redefining \cite on input line 694.
\c@NAT@ctr=\count93
)
\splwrite=\write3
\openout3 = `ApproximationwithErrorEstimGeneralCase.spl'.

)
(/usr/local/texlive/2011/texmf-dist/tex/latex/amsmath/amsmath.sty
Package: amsmath 2000/07/18 v2.13 AMS math features
\@mathmargin=\skip47

For additional information on amsmath, use the `?' option.
(/usr/local/texlive/2011/texmf-dist/tex/latex/amsmath/amstext.sty
Package: amstext 2000/06/29 v2.01

(/usr/local/texlive/2011/texmf-dist/tex/latex/amsmath/amsgen.sty
File: amsgen.sty 1999/11/30 v2.0
\@emptytoks=\toks17
\ex@=\dimen109
))
(/usr/local/texlive/2011/texmf-dist/tex/latex/amsmath/amsbsy.sty
Package: amsbsy 1999/11/29 v1.2d
\pmbraise@=\dimen110
)
(/usr/local/texlive/2011/texmf-dist/tex/latex/amsmath/amsopn.sty
Package: amsopn 1999/12/14 v2.01 operator names
)
\inf@bad=\count94
LaTeX Info: Redefining \frac on input line 211.
\uproot@=\count95
\leftroot@=\count96
LaTeX Info: Redefining \overline on input line 307.
\classnum@=\count97
\DOTSCASE@=\count98
LaTeX Info: Redefining \ldots on input line 379.
LaTeX Info: Redefining \dots on input line 382.
LaTeX Info: Redefining \cdots on input line 467.
\Mathstrutbox@=\box30
\strutbox@=\box31
\big@size=\dimen111
LaTeX Font Info:    Redeclaring font encoding OML on input line 567.
LaTeX Font Info:    Redeclaring font encoding OMS on input line 568.
\macc@depth=\count99
\c@MaxMatrixCols=\count100
\dotsspace@=\muskip10
\c@parentequation=\count101
\dspbrk@lvl=\count102
\tag@help=\toks18
\row@=\count103
\column@=\count104
\maxfields@=\count105
\andhelp@=\toks19
\eqnshift@=\dimen112
\alignsep@=\dimen113
\tagshift@=\dimen114
\tagwidth@=\dimen115
\totwidth@=\dimen116
\lineht@=\dimen117
\@envbody=\toks20
\multlinegap=\skip48
\multlinetaggap=\skip49
\mathdisplay@stack=\toks21
LaTeX Info: Redefining \[ on input line 2666.
LaTeX Info: Redefining \] on input line 2667.
)
(/usr/local/texlive/2011/texmf-dist/tex/latex/amsfonts/amssymb.sty
Package: amssymb 2009/06/22 v3.00

(/usr/local/texlive/2011/texmf-dist/tex/latex/amsfonts/amsfonts.sty
Package: amsfonts 2009/06/22 v3.00 Basic AMSFonts support
\symAMSa=\mathgroup4
\symAMSb=\mathgroup5
LaTeX Font Info:    Overwriting math alphabet `\mathfrak' in version `bold'
(Font)                  U/euf/m/n --> U/euf/b/n on input line 96.
))
(/usr/local/texlive/2011/texmf-dist/tex/latex/amscls/amsthm.sty
Package: amsthm 2009/07/02 v2.20.1
\thm@style=\toks22
\thm@bodyfont=\toks23
\thm@headfont=\toks24
\thm@notefont=\toks25
\thm@headpunct=\toks26
\thm@preskip=\skip50
\thm@postskip=\skip51
\thm@headsep=\skip52
\dth@everypar=\toks27
LaTeX Info: Redefining \qed on input line 244.
)
(/usr/local/texlive/2011/texmf-dist/tex/latex/mh/mathtools.sty
Package: mathtools 2011/04/06 v1.11 mathematical typesetting tools

(/usr/local/texlive/2011/texmf-dist/tex/latex/tools/calc.sty
Package: calc 2007/08/22 v4.3 Infix arithmetic (KKT,FJ)
\calc@Acount=\count106
\calc@Bcount=\count107
\calc@Adimen=\dimen118
\calc@Bdimen=\dimen119
\calc@Askip=\skip53
\calc@Bskip=\skip54
LaTeX Info: Redefining \setlength on input line 76.
LaTeX Info: Redefining \addtolength on input line 77.
\calc@Ccount=\count108
\calc@Cskip=\skip55
)
(/usr/local/texlive/2011/texmf-dist/tex/latex/mh/mhsetup.sty
Package: mhsetup 2010/01/21 v1.2a programming setup (MH)
)
\g_MT_multlinerow_int=\count109
\l_MT_multwidth_dim=\dimen120
\origjot=\skip56
\l_MT_shortvdotswithinadjustabove_dim=\dimen121
\l_MT_shortvdotswithinadjustbelow_dim=\dimen122
)
(/Users/fred/Library/texmf/tex/FredTexDefinitions/FJHDef.tex
\overwdth=\skip57
)
\c@theorem=\count110
\c@algo=\count111
\c@condit=\count112
\c@rem=\count113

(./ApproximationwithErrorEstimGeneralCase.aux

LaTeX Warning: Label `contbump' multiply defined.


LaTeX Warning: Label `auto2stagedetcost' multiply defined.

)
\openout1 = `ApproximationwithErrorEstimGeneralCase.aux'.

LaTeX Font Info:    Checking defaults for OML/cmm/m/it on input line 52.
LaTeX Font Info:    ... okay on input line 52.
LaTeX Font Info:    Checking defaults for T1/cmr/m/n on input line 52.
LaTeX Font Info:    ... okay on input line 52.
LaTeX Font Info:    Checking defaults for OT1/cmr/m/n on input line 52.
LaTeX Font Info:    ... okay on input line 52.
LaTeX Font Info:    Checking defaults for OMS/cmsy/m/n on input line 52.
LaTeX Font Info:    ... okay on input line 52.
LaTeX Font Info:    Checking defaults for OMX/cmex/m/n on input line 52.
LaTeX Font Info:    ... okay on input line 52.
LaTeX Font Info:    Checking defaults for U/cmr/m/n on input line 52.
LaTeX Font Info:    ... okay on input line 52.
LaTeX Font Info:    Try loading font information for U+msa on input line 73.
 (/usr/local/texlive/2011/texmf-dist/tex/latex/amsfonts/umsa.fd
File: umsa.fd 2009/06/22 v3.00 AMS symbols A
)
LaTeX Font Info:    Try loading font information for U+msb on input line 73.

(/usr/local/texlive/2011/texmf-dist/tex/latex/amsfonts/umsb.fd
File: umsb.fd 2009/06/22 v3.00 AMS symbols B
) [1

] [2]
[3] [4]
Overfull \hbox (8.39896pt too wide) detected at line 217
 []$[] \OT1/cmr/m/n/10 = []  $ 
 []

[5] [6]
Overfull \hbox (1.74681pt too wide) in paragraph at lines 267--268
\OT1/cmr/m/n/10 sir-able to iden-tify an ex-plicit suc-cess-ful al-go-rithm, $(
\OML/cmm/m/it/10 A; W\OT1/cmr/m/n/10 ) \OMS/cmsy/m/n/10 2 A\OT1/cmr/m/n/10 (\OM
S/cmsy/m/n/10 N\OML/cmm/m/it/10 ; \OMS/cmsy/m/n/10 H\OML/cmm/m/it/10 ; S; \OT1/
cmr/m/n/10 ^^C)$,
 []

[7] [8]
LaTeX Font Info:    Try loading font information for U+euf on input line 322.
 (/usr/local/texlive/2011/texmf-dist/tex/latex/amsfonts/ueuf.fd
File: ueuf.fd 2009/06/22 v3.00 Euler Fraktur
)
[9] [10] [11]

Package natbib Warning: Citation `???' on page 12 undefined on input line 427.

[12] [13] [14] (./ApproxUnivariate.tex
Overfull \hbox (23.44011pt too wide) detected at line 25
[] \OT1/cmr/m/n/10 = [] = [] \OMS/cmsy/m/n/10 ^^T [][] [] ^^T \OML/cmm/m/it/10 
^^[[] \OT1/cmr/m/n/10 = \OML/cmm/m/it/10 ":
 []

[15]
Overfull \hbox (2.87662pt too wide) in paragraph at lines 25--27
\OT1/cmr/m/n/10 tions at $\OML/cmm/m/it/10 x[] \OT1/cmr/m/n/10 = (2\OML/cmm/m/i
t/10 i \OMS/cmsy/m/n/10 ^^@ \OT1/cmr/m/n/10 1)\OML/cmm/m/it/10 =n;  i \OT1/cmr/
m/n/10 = 1\OML/cmm/m/it/10 ; [] ; n$ \OT1/cmr/m/n/10 can be used to show that $
[](\OML/cmm/m/it/10 "; \OMS/cmsy/m/n/10 B[]\OML/cmm/m/it/10 ; \OT1/cmr/m/n/10 ^
^C[]) \OMS/cmsy/m/n/10 ^^T
 []


Overfull \hbox (23.20781pt too wide) in paragraph at lines 28--29
\OT1/cmr/m/n/10 the fool-ing func-tion, $\OML/cmm/m/it/10 f[]$\OT1/cmr/m/n/10 ,
 is eval-u-ated, may de-pend on $(\OML/cmm/m/it/10 x[]; f[]\OT1/cmr/m/n/10 (\OM
L/cmm/m/it/10 ^^X[]\OT1/cmr/m/n/10 ))\OML/cmm/m/it/10 ; [] ; \OT1/cmr/m/n/10 (\
OML/cmm/m/it/10 ^^X[]; f[]\OT1/cmr/m/n/10 (\OML/cmm/m/it/10 ^^X[]\OT1/cmr/m/n/1
0 ))$,
 []

[16] [17]
Overfull \hbox (5.13744pt too wide) in paragraph at lines 94--95
[]\OT1/cmr/m/n/10 For any nice func-tion $\OML/cmm/m/it/10 f$ \OT1/cmr/m/n/10 l
y-ing in $\OMS/cmsy/m/n/10 N[]$\OT1/cmr/m/n/10 , its size is bounded above by $
[](\OML/cmm/m/it/10 f\OT1/cmr/m/n/10 )\OML/cmm/m/it/10 =\OT1/cmr/m/n/10 (1 \OMS
/cmsy/m/n/10 ^^@
 []

[18]) (./IntegUnivariate.tex) [19]
Overfull \hbox (0.64676pt too wide) detected at line 581
\OML/cmm/m/it/10 G[]\OT1/cmr/m/n/10 (\OML/cmm/m/it/10 f\OT1/cmr/m/n/10 ) = []\O
ML/cmm/m/it/10 ;  A[]\OT1/cmr/m/n/10 (\OML/cmm/m/it/10 f\OT1/cmr/m/n/10 ) = \OM
L/cmm/m/it/10 A[]\OT1/cmr/m/n/10 (\OML/cmm/m/it/10 f\OT1/cmr/m/n/10 ) + \OML/cm
m/m/it/10 ^^U[]![] [][] v[]:
 []

[20] [21]
Overfull \hbox (49.25797pt too wide) in paragraph at lines 641--641
[] 
 []

[22] (./ApproximationwithErrorEstimGeneralCase.bbl)

Package natbib Warning: There were undefined citations.

[23] (./ApproximationwithErrorEstimGeneralCase.aux)

LaTeX Warning: There were multiply-defined labels.

 ) 
Here is how much of TeX's memory you used:
 3025 strings out of 493630
 35314 string characters out of 3143346
 97702 words of memory out of 3000000
 6284 multiletter control sequences out of 15000+200000
 14288 words of font info for 53 fonts, out of 3000000 for 9000
 831 hyphenation exceptions out of 8191
 32i,17n,30p,1037b,243s stack positions out of 5000i,500n,10000p,200000b,50000s

Output written on ApproximationwithErrorEstimGeneralCase.dvi (23 pages, 102056 
bytes).
